<?xml version="1.0" encoding="UTF-8"?>
<testng-results skipped="0" failed="1" total="2" passed="1">
  <reporter-output>
  </reporter-output>
  <suite name="Default suite" duration-ms="716" started-at="2021-12-11T05:14:01Z" finished-at="2021-12-11T05:14:01Z">
    <groups>
    </groups>
    <test name="Default test" duration-ms="716" started-at="2021-12-11T05:14:01Z" finished-at="2021-12-11T05:14:01Z">
      <class name="com.qa.test.GetAPITest">
        <test-method status="PASS" signature="getAPITest()[pri:0, instance:com.qa.test.GetAPITest@48eff760]" name="getAPITest" duration-ms="593" started-at="2021-12-10T21:14:01Z" finished-at="2021-12-10T21:14:01Z">
          <reporter-output>
          </reporter-output>
        </test-method> <!-- getAPITest -->
        <test-method status="PASS" signature="setUP()[pri:0, instance:com.qa.test.GetAPITest@48eff760]" name="setUP" is-config="true" duration-ms="0" started-at="2021-12-10T21:14:01Z" finished-at="2021-12-10T21:14:01Z">
          <reporter-output>
          </reporter-output>
        </test-method> <!-- setUP -->
        <test-method status="FAIL" signature="getAPITestwithHeader()[pri:0, instance:com.qa.test.GetAPITest@48eff760]" name="getAPITestwithHeader" duration-ms="123" started-at="2021-12-10T21:14:01Z" finished-at="2021-12-10T21:14:01Z">
          <exception class="org.json.JSONException">
            <message>
              <![CDATA[A JSONObject text must begin with '{' at 1 [character 2 line 1]]]>
            </message>
            <full-stacktrace>
              <![CDATA[org.json.JSONException: A JSONObject text must begin with '{' at 1 [character 2 line 1]
	at org.json.JSONTokener.syntaxError(JSONTokener.java:433)
	at org.json.JSONObject.<init>(JSONObject.java:195)
	at org.json.JSONObject.<init>(JSONObject.java:319)
	at com.qa.test.GetAPITest.getAPITestwithHeader(GetAPITest.java:121)
	at sun.reflect.NativeMethodAccessorImpl.invoke0(Native Method)
	at sun.reflect.NativeMethodAccessorImpl.invoke(Unknown Source)
	at sun.reflect.DelegatingMethodAccessorImpl.invoke(Unknown Source)
	at java.lang.reflect.Method.invoke(Unknown Source)
	at org.testng.internal.MethodInvocationHelper.invokeMethod(MethodInvocationHelper.java:80)
	at org.testng.internal.Invoker.invokeMethod(Invoker.java:714)
	at org.testng.internal.Invoker.invokeTestMethod(Invoker.java:901)
	at org.testng.internal.Invoker.invokeTestMethods(Invoker.java:1231)
	at org.testng.internal.TestMethodWorker.invokeTestMethods(TestMethodWorker.java:127)
	at org.testng.internal.TestMethodWorker.run(TestMethodWorker.java:111)
	at org.testng.TestRunner.privateRun(TestRunner.java:767)
	at org.testng.TestRunner.run(TestRunner.java:617)
	at org.testng.SuiteRunner.runTest(SuiteRunner.java:334)
	at org.testng.SuiteRunner.runSequentially(SuiteRunner.java:329)
	at org.testng.SuiteRunner.privateRun(SuiteRunner.java:291)
	at org.testng.SuiteRunner.run(SuiteRunner.java:240)
	at org.testng.SuiteRunnerWorker.runSuite(SuiteRunnerWorker.java:52)
	at org.testng.SuiteRunnerWorker.run(SuiteRunnerWorker.java:86)
	at org.testng.TestNG.runSuitesSequentially(TestNG.java:1198)
	at org.testng.TestNG.runSuitesLocally(TestNG.java:1123)
	at org.testng.TestNG.run(TestNG.java:1031)
	at org.testng.remote.AbstractRemoteTestNG.run(AbstractRemoteTestNG.java:132)
	at org.testng.remote.RemoteTestNG.initAndRun(RemoteTestNG.java:230)
	at org.testng.remote.RemoteTestNG.main(RemoteTestNG.java:76)
]]>
            </full-stacktrace>
          </exception> <!-- org.json.JSONException -->
          <reporter-output>
          </reporter-output>
        </test-method> <!-- getAPITestwithHeader -->
        <test-method status="PASS" signature="setUP()[pri:0, instance:com.qa.test.GetAPITest@48eff760]" name="setUP" is-config="true" duration-ms="0" started-at="2021-12-10T21:14:01Z" finished-at="2021-12-10T21:14:01Z">
          <reporter-output>
          </reporter-output>
        </test-method> <!-- setUP -->
      </class> <!-- com.qa.test.GetAPITest -->
    </test> <!-- Default test -->
  </suite> <!-- Default suite -->
</testng-results>
